<?xml version="1.0" encoding="UTF-8"?>
<!-- Generated by org.testng.reporters.JUnitXMLReporter -->
<testsuite hostname="DARSHUPIE" ignored="0" name="Test" tests="4" failures="0" timestamp="26 Mar 2022 03:47:06 GMT" time="0.13" errors="0">
  <testcase name="test3" time="0.011" classname="test.HomePageTest"/>
  <testcase name="test4" time="0.006" classname="test2.CheckoutTest"/>
  <testcase name="test1" time="0.003" classname="test.AnnotationExample"/>
  <testcase name="test2" time="0.006" classname="test.AnnotationExample"/>
</testsuite> <!-- Test -->
