<?xml version="1.0" encoding="UTF-8"?>
<!-- Generated by org.testng.reporters.JUnitXMLReporter -->
<testsuite hostname="DARSHUPIE" ignored="2" name="Test" tests="2" failures="0" timestamp="2022-04-03T00:08:53 EDT" time="0.124" errors="0">
  <testcase name="test1" time="0.012" classname="pckg1.AnnotationExample"/>
  <testcase name="test2" time="0.004" classname="pckg1.AnnotationExample"/>
  <testcase name="test3" time="0.0" classname="pckg1.HomePageTest">
    <ignored/>
  </testcase> <!-- test3 -->
  <testcase name="test4" time="0.0" classname="pckg2.CheckoutTest">
    <ignored/>
  </testcase> <!-- test4 -->
</testsuite> <!-- Test -->
