<?xml version="1.0" encoding="UTF-8"?>
<!-- Generated by org.testng.reporters.JUnitXMLReporter -->
<testsuite hostname="DARSHUPIE" ignored="2" name="Test" tests="2" failures="0" timestamp="2022-04-02T23:50:52 EDT" time="0.107" errors="0">
  <testcase name="test3" time="0.015" classname="pckg1.HomePageTest"/>
  <testcase name="test4" time="0.002" classname="pckg2.CheckoutTest"/>
  <testcase name="test2" time="0.0" classname="pckg1.AnnotationExample">
    <ignored/>
  </testcase> <!-- test2 -->
  <testcase name="test1" time="0.0" classname="pckg1.AnnotationExample">
    <ignored/>
  </testcase> <!-- test1 -->
</testsuite> <!-- Test -->
