<?xml version="1.0" encoding="UTF-8"?>
<testng-results skipped="0" failed="0" ignored="0" total="1" passed="1">
  <reporter-output>
  </reporter-output>
  <suite name="Default suite" duration-ms="87" started-at="2022-04-03T01:00:39 EDT" finished-at="2022-04-03T01:00:39 EDT">
    <groups>
    </groups>
    <test name="Default test" duration-ms="87" started-at="2022-04-03T01:00:39 EDT" finished-at="2022-04-03T01:00:39 EDT">
      <class name="pckg2.CheckoutTest">
        <test-method status="PASS" signature="test4()[pri:0, instance:pckg2.CheckoutTest@6acdbdf5]" name="test4" duration-ms="14" started-at="2022-04-03T01:00:39 EDT" finished-at="2022-04-03T01:00:39 EDT">
          <reporter-output>
          </reporter-output>
        </test-method> <!-- test4 -->
      </class> <!-- pckg2.CheckoutTest -->
    </test> <!-- Default test -->
  </suite> <!-- Default suite -->
</testng-results>
